<?xml version="1.0" encoding="UTF-8"?>
<!-- Generated by org.testng.reporters.JUnitReportReporter -->
<testsuite skipped="0" hostname="DESKTOP-CT4QI35" name="in.sathya.test.HPLaptopspagetest" tests="1" failures="0" timestamp="29 Aug 2019 05:13:25 GMT" time="495.653" errors="0">
  <testcase name="IndividualLaptoptest" time="495.653" classname="in.sathya.test.HPLaptopspagetest"/>
</testsuite> <!-- in.sathya.test.HPLaptopspagetest -->
