<?xml version="1.0" encoding="UTF-8"?>
<!-- Generated by org.testng.reporters.JUnitReportReporter -->
<testsuite skipped="0" hostname="DESKTOP-CT4QI35" name="in.sathya.test.Testclass" tests="3" failures="0" timestamp="29 Aug 2019 05:13:25 GMT" time="130.780" errors="0">
  <testcase name="logintest" time="26.683" classname="in.sathya.test.Testclass"/>
  <testcase name="clickonlaptopstest" time="40.516" classname="in.sathya.test.Testclass"/>
  <testcase name="clickonHPlaptops" time="63.581" classname="in.sathya.test.Testclass"/>
</testsuite> <!-- in.sathya.test.Testclass -->
