<?xml version="1.0" encoding="UTF-8"?>
<!-- Generated by org.testng.reporters.JUnitReportReporter -->
<testsuite skipped="0" hostname="DESKTOP-CT4QI35" name="in.sathya.test.Testclass" tests="3" failures="0" timestamp="31 Aug 2019 17:49:35 GMT" time="94.290" errors="0">
  <testcase name="logintest" time="13.153" classname="in.sathya.test.Testclass"/>
  <testcase name="clickonlaptopstest" time="23.211" classname="in.sathya.test.Testclass"/>
  <testcase name="clickonHPlaptops" time="57.926" classname="in.sathya.test.Testclass"/>
</testsuite> <!-- in.sathya.test.Testclass -->
